/usr/bin/python3 src/mnist.py
Using TensorFlow backend.
Using TensorFlow v1.12.0
The number of occuranc of each number in the train set is {0: 5923, 1: 6742, 2: 5958, 3: 6131, 4: 5842, 5: 5421, 6: 5918, 7: 6265, 8: 5851, 9: 5949}

The number of occuranc of each number in the test set is {0: 980, 1: 1135, 2: 1032, 3: 1010, 4: 982, 5: 892, 6: 958, 7: 1028, 8: 974, 9: 1009}

Train on 60000 samples, validate on 60000 samples
Epoch 1/15
2018-11-23 17:56:32.578762: I tensorflow/core/platform/cpu_feature_guard.cc:141] Your CPU supports instructions that this TensorFlow binary was not compiled to use: AVX2 FMA
60000/60000 [==============================] - 21s 354us/step - loss: 0.3648 - acc: 0.8989 - val_loss: 0.1612 - val_acc: 0.9552
Epoch 2/15
60000/60000 [==============================] - 22s 374us/step - loss: 0.1361 - acc: 0.9618 - val_loss: 0.0944 - val_acc: 0.9737
Epoch 3/15
60000/60000 [==============================] - 21s 348us/step - loss: 0.1003 - acc: 0.9712 - val_loss: 0.0731 - val_acc: 0.9794
Epoch 4/15
60000/60000 [==============================] - 20s 336us/step - loss: 0.0847 - acc: 0.9757 - val_loss: 0.0633 - val_acc: 0.9817
Epoch 5/15
60000/60000 [==============================] - 20s 335us/step - loss: 0.0759 - acc: 0.9773 - val_loss: 0.0593 - val_acc: 0.9829
Epoch 6/15
60000/60000 [==============================] - 20s 336us/step - loss: 0.0691 - acc: 0.9791 - val_loss: 0.0507 - val_acc: 0.9852
Epoch 7/15
60000/60000 [==============================] - 20s 335us/step - loss: 0.0628 - acc: 0.9815 - val_loss: 0.0469 - val_acc: 0.9861
Epoch 8/15
60000/60000 [==============================] - 20s 337us/step - loss: 0.0599 - acc: 0.9821 - val_loss: 0.0431 - val_acc: 0.9876
Epoch 9/15
60000/60000 [==============================] - 20s 337us/step - loss: 0.0567 - acc: 0.9830 - val_loss: 0.0397 - val_acc: 0.9887
Epoch 10/15
60000/60000 [==============================] - 21s 343us/step - loss: 0.0522 - acc: 0.9835 - val_loss: 0.0357 - val_acc: 0.9898
Epoch 11/15
60000/60000 [==============================] - 22s 361us/step - loss: 0.0497 - acc: 0.9845 - val_loss: 0.0332 - val_acc: 0.9905
Epoch 12/15
60000/60000 [==============================] - 21s 354us/step - loss: 0.0478 - acc: 0.9854 - val_loss: 0.0317 - val_acc: 0.9911
Epoch 13/15
60000/60000 [==============================] - 20s 337us/step - loss: 0.0455 - acc: 0.9860 - val_loss: 0.0302 - val_acc: 0.9913
Epoch 14/15
60000/60000 [==============================] - 20s 337us/step - loss: 0.0410 - acc: 0.9872 - val_loss: 0.0282 - val_acc: 0.9922
Epoch 15/15
60000/60000 [==============================] - 20s 337us/step - loss: 0.0404 - acc: 0.9874 - val_loss: 0.0259 - val_acc: 0.9927
Training time: 309.861s
60000/60000 [==============================] - 4s 63us/step
Train loss: 0.02590
Train accuracy: 99.27000%
10000/10000 [==============================] - 1s 63us/step
Test loss: 0.05184
Test accuracy: 98.22000%
