/usr/bin/python3 src/mnist.py
Using TensorFlow backend.
Using TensorFlow v1.12.0
The number of occuranc of each number in the train set is {0: 5923, 1: 6742, 2: 5958, 3: 6131, 4: 5842, 5: 5421, 6: 5918, 7: 6265, 8: 5851, 9: 5949}

The number of occuranc of each number in the test set is {0: 980, 1: 1135, 2: 1032, 3: 1010, 4: 982, 5: 892, 6: 958, 7: 1028, 8: 974, 9: 1009}

Train on 60000 samples, validate on 60000 samples
Epoch 1/15
2018-11-22 23:14:01.439601: I tensorflow/core/platform/cpu_feature_guard.cc:141] Your CPU supports instructions that this TensorFlow binary was not compiled to use: AVX2 FMA
60000/60000 [==============================] - 2s 27us/step - loss: 0.3603 - acc: 0.9007 - val_loss: 0.1898 - val_acc: 0.9472
Epoch 2/15
60000/60000 [==============================] - 1s 24us/step - loss: 0.1674 - acc: 0.9526 - val_loss: 0.1290 - val_acc: 0.9639
Epoch 3/15
60000/60000 [==============================] - 1s 25us/step - loss: 0.1205 - acc: 0.9656 - val_loss: 0.0996 - val_acc: 0.9711
Epoch 4/15
60000/60000 [==============================] - 1s 25us/step - loss: 0.0929 - acc: 0.9736 - val_loss: 0.0774 - val_acc: 0.9777
Epoch 5/15
60000/60000 [==============================] - 1s 24us/step - loss: 0.0750 - acc: 0.9784 - val_loss: 0.0606 - val_acc: 0.9826
Epoch 6/15
60000/60000 [==============================] - 1s 24us/step - loss: 0.0622 - acc: 0.9819 - val_loss: 0.0499 - val_acc: 0.9866
Epoch 7/15
60000/60000 [==============================] - 1s 25us/step - loss: 0.0524 - acc: 0.9853 - val_loss: 0.0417 - val_acc: 0.9884
Epoch 8/15
60000/60000 [==============================] - 2s 25us/step - loss: 0.0439 - acc: 0.9877 - val_loss: 0.0369 - val_acc: 0.9902
Epoch 9/15
60000/60000 [==============================] - 1s 25us/step - loss: 0.0375 - acc: 0.9895 - val_loss: 0.0288 - val_acc: 0.9930
Epoch 10/15
60000/60000 [==============================] - 1s 24us/step - loss: 0.0326 - acc: 0.9911 - val_loss: 0.0243 - val_acc: 0.9942
Epoch 11/15
60000/60000 [==============================] - 1s 24us/step - loss: 0.0271 - acc: 0.9927 - val_loss: 0.0218 - val_acc: 0.9952
Epoch 12/15
60000/60000 [==============================] - 1s 24us/step - loss: 0.0240 - acc: 0.9939 - val_loss: 0.0168 - val_acc: 0.9963
Epoch 13/15
60000/60000 [==============================] - 2s 26us/step - loss: 0.0209 - acc: 0.9946 - val_loss: 0.0161 - val_acc: 0.9966
Epoch 14/15
60000/60000 [==============================] - 2s 26us/step - loss: 0.0174 - acc: 0.9958 - val_loss: 0.0128 - val_acc: 0.9973
Epoch 15/15
60000/60000 [==============================] - 2s 25us/step - loss: 0.0149 - acc: 0.9965 - val_loss: 0.0114 - val_acc: 0.9980
Training time: 22.613s
60000/60000 [==============================] - 1s 22us/step
Train loss: 0.01141
Train accuracy: 99.80500%
10000/10000 [==============================] - 0s 23us/step
Test loss: 0.07754
Test accuracy: 97.62000%
